0 info it worked if it ends with ok
1 verbose cli [ '/Users/murphy/.nvm/versions/node/v0.12.4/bin/node',
1 verbose cli   '/Users/murphy/.nvm/versions/node/v0.12.4/bin/npm',
1 verbose cli   'start' ]
2 info using npm@2.10.1
3 info using node@v0.12.4
4 verbose run-script [ 'prestart', 'start', 'poststart' ]
5 info prestart quotebot@1.0.0
6 info start quotebot@1.0.0
7 verbose unsafe-perm in lifecycle true
8 info quotebot@1.0.0 Failed to exec start script
9 verbose stack Error: quotebot@1.0.0 start: `webpack -w`
9 verbose stack Exit status 255
9 verbose stack     at EventEmitter.<anonymous> (/Users/murphy/.nvm/versions/node/v0.12.4/lib/node_modules/npm/lib/utils/lifecycle.js:213:16)
9 verbose stack     at EventEmitter.emit (events.js:110:17)
9 verbose stack     at ChildProcess.<anonymous> (/Users/murphy/.nvm/versions/node/v0.12.4/lib/node_modules/npm/lib/utils/spawn.js:24:14)
9 verbose stack     at ChildProcess.emit (events.js:110:17)
9 verbose stack     at maybeClose (child_process.js:1015:16)
9 verbose stack     at Process.ChildProcess._handle.onexit (child_process.js:1087:5)
10 verbose pkgid quotebot@1.0.0
11 verbose cwd /Users/murphy/projects/quotebot
12 error Darwin 14.4.0
13 error argv "/Users/murphy/.nvm/versions/node/v0.12.4/bin/node" "/Users/murphy/.nvm/versions/node/v0.12.4/bin/npm" "start"
14 error node v0.12.4
15 error npm  v2.10.1
16 error code ELIFECYCLE
17 error quotebot@1.0.0 start: `webpack -w`
17 error Exit status 255
18 error Failed at the quotebot@1.0.0 start script 'webpack -w'.
18 error This is most likely a problem with the quotebot package,
18 error not with npm itself.
18 error Tell the author that this fails on your system:
18 error     webpack -w
18 error You can get their info via:
18 error     npm owner ls quotebot
18 error There is likely additional logging output above.
19 verbose exit [ 1, true ]
